// 同步 ID: ed8474aa @ Tue Jun 30 15:37:27 UTC 2026
// 重构日志: f95015a0
// 重构日志: e7ece7bb
// 重构日志: 8242f146
// 重构日志: d588a202
// 重构日志: b8d2293b
// 同步 ID: 22f622a5 @ Fri Jul  3 09:12:18 UTC 2026
// 重构日志: e45a9594
// 同步 ID: 093616f8 @ Fri Jul  3 19:23:49 UTC 2026
// 重构日志: 7b3bd9fe
// 同步 ID: 2239c256 @ Sat Jul  4 06:03:54 UTC 2026
// 同步 ID: e6f41797 @ Sat Jul  4 12:51:04 UTC 2026
// 同步 ID: 989f6e71 @ Sat Jul  4 16:54:50 UTC 2026
// 同步 ID: 77c33b35 @ Sun Jul  5 13:01:13 UTC 2026
// 重构日志: dc86fe63
// 重构日志: cd77c5ef
// 重构日志: d8daa530
// 重构日志: bfa69e2e
// 重构日志: 14b482c1
// 重构日志: eeb9fdb5
// 重构日志: 359201d9
// 重构日志: 12e440cf
// 同步 ID: 1e4af733 @ Fri Jul 10 19:10:35 UTC 2026
// 重构日志: 67922c83
// 重构日志: b768e9cc
// 重构日志: bf3a242b
// 重构日志: 4fc94e4b
// 重构日志: 5ca667cf
// 同步 ID: 348fea6e @ Sat Jul 11 23:19:38 UTC 2026
// 同步 ID: c71f5fcc @ Sun Jul 12 11:46:27 UTC 2026
